0 info it worked if it ends with ok
1 verbose cli [ 'F:\\nodejs\\node.exe',
1 verbose cli   'F:\\nodejs\\node_modules\\npm\\bin\\npm-cli.js',
1 verbose cli   'run',
1 verbose cli   'build' ]
2 info using npm@3.10.10
3 info using node@v6.11.1
4 verbose run-script [ 'prebuild', 'build', 'postbuild' ]
5 info lifecycle node-texas@1.0.0~prebuild: node-texas@1.0.0
6 silly lifecycle node-texas@1.0.0~prebuild: no script for prebuild, continuing
7 info lifecycle node-texas@1.0.0~build: node-texas@1.0.0
8 verbose lifecycle node-texas@1.0.0~build: unsafe-perm in lifecycle true
9 verbose lifecycle node-texas@1.0.0~build: PATH: F:\nodejs\node_modules\npm\bin\node-gyp-bin;D:\Vue-cloud\ife\NodeTexas\node_modules\.bin;C:\Users\shf\bin;F:\Git\mingw64\bin;F:\Git\usr\local\bin;F:\Git\usr\bin;F:\Git\usr\bin;F:\Git\mingw64\bin;F:\Git\usr\bin;C:\Users\shf\bin;C:\Program Files (x86)\Intel\iCLS Client;C:\Program Files\Intel\iCLS Client;C:\Windows\system32;C:\Windows;C:\Windows\System32\Wbem;C:\Windows\System32\WindowsPowerShell\v1.0;C:\Program Files\Intel\Intel(R) Management Engine Components\DAL;C:\Program Files\Intel\Intel(R) Management Engine Components\IPT;C:\Program Files (x86)\Intel\Intel(R) Management Engine Components\DAL;C:\Program Files (x86)\Intel\Intel(R) Management Engine Components\IPT;C:\Program Files (x86)\Intel\OpenCL SDK\2.0\bin\x86;C:\Program Files (x86)\Intel\OpenCL SDK\2.0\bin\x64;C:\Program Files\Diskeeper Corporation\ExpressCache;F:\Git\cmd;F:\nodejs;C:\Users\shf\AppData\Roaming\npm;F:\Git\usr\bin\vendor_perl;F:\Git\usr\bin\core_perl
10 verbose lifecycle node-texas@1.0.0~build: CWD: D:\Vue-cloud\ife\NodeTexas
11 silly lifecycle node-texas@1.0.0~build: Args: [ '/d /s /c', 'babel src -d lib' ]
12 silly lifecycle node-texas@1.0.0~build: Returned: code: 2  signal: null
13 info lifecycle node-texas@1.0.0~build: Failed to exec build script
14 verbose stack Error: node-texas@1.0.0 build: `babel src -d lib`
14 verbose stack Exit status 2
14 verbose stack     at EventEmitter.<anonymous> (F:\nodejs\node_modules\npm\lib\utils\lifecycle.js:255:16)
14 verbose stack     at emitTwo (events.js:106:13)
14 verbose stack     at EventEmitter.emit (events.js:191:7)
14 verbose stack     at ChildProcess.<anonymous> (F:\nodejs\node_modules\npm\lib\utils\spawn.js:40:14)
14 verbose stack     at emitTwo (events.js:106:13)
14 verbose stack     at ChildProcess.emit (events.js:191:7)
14 verbose stack     at maybeClose (internal/child_process.js:891:16)
14 verbose stack     at Process.ChildProcess._handle.onexit (internal/child_process.js:226:5)
15 verbose pkgid node-texas@1.0.0
16 verbose cwd D:\Vue-cloud\ife\NodeTexas
17 error Windows_NT 6.2.9200
18 error argv "F:\\nodejs\\node.exe" "F:\\nodejs\\node_modules\\npm\\bin\\npm-cli.js" "run" "build"
19 error node v6.11.1
20 error npm  v3.10.10
21 error code ELIFECYCLE
22 error node-texas@1.0.0 build: `babel src -d lib`
22 error Exit status 2
23 error Failed at the node-texas@1.0.0 build script 'babel src -d lib'.
23 error Make sure you have the latest version of node.js and npm installed.
23 error If you do, this is most likely a problem with the node-texas package,
23 error not with npm itself.
23 error Tell the author that this fails on your system:
23 error     babel src -d lib
23 error You can get information on how to open an issue for this project with:
23 error     npm bugs node-texas
23 error Or if that isn't available, you can get their info via:
23 error     npm owner ls node-texas
23 error There is likely additional logging output above.
24 verbose exit [ 1, true ]
